#separator \x09
#set_separator	,
#empty_field	(empty)
#unset_field	-
#path	x509
#open	2025-05-04-02-19-36
#fields	ts	fingerprint	certificate.version	certificate.serial	certificate.subject	certificate.issuer	certificate.not_valid_before	certificate.not_valid_after	certificate.key_alg	certificate.sig_alg	certificate.key_type	certificate.key_length	certificate.exponent	certificate.curve	san.dns	san.uri	san.email	san.ip	basic_constraints.ca	basic_constraints.path_len	host_cert	client_cert
#types	time	string	count	string	string	string	time	time	string	string	string	count	string	string	vector[string]	vector[string]	vector[string]	vector[addr]	bool	count	bool	bool
1556548065.655548	8395711811808dbfacc7b28a87108442c661c6a37f967ebcff93196cd4a3dd6c	3	200003AD50B9DA6A9E3A00FF1C00000003AD50	CN=pti.store.microsoft.com	CN=Microsoft IT TLS CA 2,OU=Microsoft IT,O=Microsoft Corporation,L=Redmond,ST=Washington,C=US	1533145696.000000	1596304096.000000	rsaEncryption	sha256WithRSAEncryption	rsa	2048	65537	-	pti.store.microsoft.com,pti-int.store.microsoft.com,pti-int.trafficmanager.net,pti-prod.trafficmanager.net	-	-	-	-	-	T	F
1556548065.655548	4e107c981b42acbe41c01067e16d44db64814d4193e572317ea04b87c79c475f	3	0F2C10C95B06C0937FB8D449F83E8569	CN=Microsoft IT TLS CA 2,OU=Microsoft IT,O=Microsoft Corporation,L=Redmond,ST=Washington,C=US	CN=Baltimore CyberTrust Root,OU=CyberTrust,O=Baltimore,C=IE	1463748717.000000	1716209517.000000	rsaEncryption	sha256WithRSAEncryption	rsa	4096	65537	-	-	-	-	-	T	0	F	F
1556548065.783503	016ecae37caf154e8416109eaf689762f10f2b22019c4bea557810b4990d7694	3	2D00024DC8BCAF57A4B922DB66000000024DC8	CN=*.wns.windows.com	CN=Microsoft IT TLS CA 5,OU=Microsoft IT,O=Microsoft Corporation,L=Redmond,ST=Washington,C=US	1521066692.000000	1584138692.000000	rsaEncryption	sha256WithRSAEncryption	rsa	2048	65537	-	*.wns.windows.com	-	-	-	-	-	T	F
1556548065.783503	f0ee5914ed94c7252d058b4e39808aee6fa8f62cf0974fb7d6d2a9df16e3a87f	3	0888CD525F1924444D14A58291DEB952	CN=Microsoft IT TLS CA 5,OU=Microsoft IT,O=Microsoft Corporation,L=Redmond,ST=Washington,C=US	CN=Baltimore CyberTrust Root,OU=CyberTrust,O=Baltimore,C=IE	1463748783.000000	1716209583.000000	rsaEncryption	sha256WithRSAEncryption	rsa	4096	65537	-	-	-	-	-	T	0	F	F
1556548065.826219	3a8b3ecf24adf6b4094375e4cc8bebbee5ef73fb82fd64e2c680830e41359d66	3	200003AD50B9DA6A9E3A00FF1C00000003AD50	CN=pti.store.microsoft.com	CN=Microsoft IT TLS CA 2,OU=Microsoft IT,O=Microsoft Corporation,L=Redmond,ST=Washington,C=US	1533145696.000000	1596304096.000000	rsaEncryption	sha1WithRSAEncryption	rsa	1024	65537	-	-	-	-	-	-	-	T	F
1556548065.974389	02dce06b89393d5c002459e2e3e4b2e3453cef4ba6d63e935be5baea5f3e7b3e	3	2D00024DC8BCAF57A4B922DB66000000024DC8	CN=*.wns.windows.com	CN=Microsoft IT TLS CA 5,OU=Microsoft IT,O=Microsoft Corporation,L=Redmond,ST=Washington,C=US	1521066692.000000	1584138692.000000	rsaEncryption	sha1WithRSAEncryption	rsa	1024	65537	-	-	-	-	-	-	-	T	F
1556548113.320865	74f6291c89352c39059986d7df13a55f782216b754b52c533bf8e31b43028d1e	3	09F9EE1FBF40F02D6F7E7891D1947968	CN=addons.mozilla.org,OU=Cloud Services,O=Mozilla Foundation,L=Mountain View,ST=California,C=US,serialNumber=C2543436,jurisdictionST=California,jurisdictionC=US,businessCategory=Private Organization	CN=DigiCert SHA2 Extended Validation Server CA,OU=www.digicert.com,O=DigiCert Inc,C=US	1506556800.000000	1570190400.000000	rsaEncryption	sha256WithRSAEncryption	rsa	2048	65537	-	addons.mozilla.org,addon.mozilla.org,services.addons.mozilla.org,discovery.addons.mozilla.org,reviewers.addons.mozilla.org	-	-	-	F	-	T	F
1556548113.320865	403e062a2653059113285baf80a0d4ae422c848c9f78fad01fc94bc5b87fef1a	3	0C79A944B08C11952092615FE26B1D83	CN=DigiCert SHA2 Extended Validation Server CA,OU=www.digicert.com,O=DigiCert Inc,C=US	CN=DigiCert High Assurance EV Root CA,OU=www.digicert.com,O=DigiCert Inc,C=US	1382443200.000000	1855828800.000000	rsaEncryption	sha256WithRSAEncryption	rsa	2048	65537	-	-	-	-	-	T	0	F	F
1556548114.096918	f7ac5873798f0322c206744901a8df1e944966be772e3a8bea2a4a9969fdfb38	3	0441863B81E6C5BAB060B2031D1D111E	CN=versioncheck.addons.mozilla.org,OU=Cloud Services,O=Mozilla Foundation,L=Mountain View,ST=California,C=US	CN=DigiCert SHA2 Secure Server CA,O=DigiCert Inc,C=US	1485475200.000000	1582286400.000000	rsaEncryption	sha256WithRSAEncryption	rsa	2048	65537	-	versioncheck.addons.mozilla.org,versioncheck-bg.addons.mozilla.org,blocklist.addons.mozilla.org	-	-	-	F	-	T	F
1556548114.096918	154c433c491929c5ef686e838e323664a00e6a0d822ccc958fb4dab03e49a08f	3	01FDA3EB6ECA75C888438B724BCFBC91	CN=DigiCert SHA2 Secure Server CA,O=DigiCert Inc,C=US	CN=DigiCert Global Root CA,OU=www.digicert.com,O=DigiCert Inc,C=US	1362744000.000000	1678276800.000000	rsaEncryption	sha256WithRSAEncryption	rsa	2048	65537	-	-	-	-	-	T	0	F	F
1556548158.261752	e6ad5e61fc94b8922a66f545ca067e62a6369d597232b42f883ac480e0069b2b	3	20000119F303ACE3468D3629430000000119F3	CN=*.events.data.microsoft.com	CN=Microsoft IT TLS CA 2,OU=Microsoft IT,O=Microsoft Corporation,L=Redmond,ST=Washington,C=US	1510058310.000000	1573130310.000000	rsaEncryption	sha256WithRSAEncryption	rsa	2048	65537	-	*.events.data.microsoft.com,events.data.microsoft.com,*.pipe.aria.microsoft.com,pipe.skype.com,*.pipe.skype.com	-	-	-	-	-	T	F
1556548158.529189	8f59d1761e6d39dcfa038a03be4bd0ed751f02f6f3fa5b8a80d6d17bb460fe3a	3	20000119F303ACE3468D3629430000000119F3	CN=*.events.data.microsoft.com	CN=Microsoft IT TLS CA 2,OU=Microsoft IT,O=Microsoft Corporation,L=Redmond,ST=Washington,C=US	1510058310.000000	1573130310.000000	rsaEncryption	sha1WithRSAEncryption	rsa	1024	65537	-	-	-	-	-	-	-	T	F
#close	2025-05-04-02-19-42
